<?xml version="1.0" encoding="UTF-8"?>
<!-- Generated by org.testng.reporters.JUnitXMLReporter -->
<testsuite ignored="0" hostname="name" failures="0" tests="18" name="Test Cases" time="0.132" errors="0" timestamp="2023-03-29T13:33:09 IST">
  <testcase classname="demo.DependanciesManagement" name="highSchool" time="0.009"/>
  <testcase classname="demo.DependanciesManagement" name="higherSecondary" time="0.001"/>
  <testcase classname="demo.DependanciesManagement" name="engineering" time="0.001"/>
  <testcase classname="demo.FirstTry" name="firstTestCase" time="0.002"/>
  <testcase classname="demo.FirstTry" name="fourthTestCase" time="0.003"/>
  <testcase classname="demo.FirstTry" name="secondTestCase" time="0.002"/>
  <testcase classname="demo.FirstTry" name="thirdTestCase" time="0.001"/>
  <testcase classname="demo.Priority" name="startTheCar" time="0.002"/>
  <testcase classname="demo.Priority" name="putFirstGear" time="0.002"/>
  <testcase classname="demo.Priority" name="putSecondGear" time="0.0"/>
  <testcase classname="demo.Priority" name="putThirdGear" time="0.001"/>
  <testcase classname="demo.Priority" name="putFourthGear" time="0.001"/>
  <testcase classname="demo.SkipATestCase" name="startTheCar" time="0.001"/>
  <testcase classname="demo.SkipATestCase" name="putFirstGear" time="0.002"/>
  <testcase classname="demo.SkipATestCase" name="putSecondGear" time="0.001"/>
  <testcase classname="demo.SkipATestCase" name="putThirdGear" time="0.001"/>
  <testcase classname="demo.SkipATestCase" name="putFourthGear" time="0.002"/>
  <testcase classname="demo.SkipATestCase" name="turnTheMuicOn" time="0.003"/>
</testsuite> <!-- Test Cases -->
